2017-08-25 14:35:47,719 - access - INFO - account_id 2083 login Success!
2017-08-25 15:02:49,457 - access - INFO - account_id 2083 login Success!
2017-08-25 15:09:28,506 - access - INFO - account_id 2083 login Success!
2017-08-25 15:11:04,376 - access - INFO - account_id 2083 login Success!
2017-08-25 15:12:16,319 - access - INFO - account_id 2083 login Success!
2017-08-25 15:12:39,846 - access - INFO - account_id 2083 login Success!
2017-08-25 15:14:41,909 - access - INFO - account_id 2083 login Success!
2017-08-25 15:16:21,396 - access - INFO - account_id 2083 login Success!
2017-08-25 15:16:40,876 - access - INFO - account_id 2083 login Success!
2017-08-25 15:17:06,449 - access - INFO - account_id 2083 login Success!
2017-08-25 15:18:13,629 - access - INFO - account_id 2083 login Success!
2017-08-25 15:18:15,118 - access - INFO - account_id 2083 option 6
2017-08-25 15:18:48,692 - access - INFO - account_id 2083 login Success!
2017-08-25 15:18:51,525 - access - INFO - account_id 2083 option 6
2017-08-25 15:20:30,807 - access - INFO - account_id 2083 login Success!
2017-08-25 15:20:32,542 - access - INFO - account_id 2083 option 6
2017-08-25 15:22:03,771 - access - INFO - account_id 2083 login Success!
2017-08-25 15:22:05,805 - access - INFO - account_id 2083 option 6
2017-08-25 15:25:20,982 - access - INFO - account_id 2083 login Success!
2017-08-25 15:25:22,749 - access - INFO - account_id 2083 option 6
2017-08-25 15:34:24,929 - access - INFO - account_id 2083 login Success!
2017-08-25 15:34:26,890 - access - INFO - account_id 2083 option Exited!
2017-08-25 15:57:37,685 - access - INFO - account_id 2083 login Success!
2017-08-25 15:57:39,720 - access - INFO - account_id 2083 option Exited!
2017-08-25 16:23:16,910 - access - INFO - account_id 2083 login Success!
2017-08-25 16:23:18,763 - access - INFO - account_id 2083 option account_info
2017-08-25 16:23:37,965 - access - INFO - account_id 2083 login Success!
2017-08-25 16:23:39,247 - access - INFO - account_id 2083 option account_info
2017-08-25 16:57:45,317 - access - INFO - account_id 2083 login Success!
2017-08-25 16:57:45,317 - access - INFO - account_id 2083 login Success!
2017-08-25 16:57:46,200 - access - INFO - account_id 2083 option account_info
2017-08-25 16:57:46,200 - access - INFO - account_id 2083 option account_info
2017-08-25 16:58:25,783 - access - INFO - account_id 2083 login Success!
2017-08-25 16:58:25,783 - access - INFO - account_id 2083 login Success!
2017-08-25 16:58:27,327 - access - INFO - account_id 2083 option account_info
2017-08-25 16:58:27,327 - access - INFO - account_id 2083 option account_info
2017-08-25 16:59:50,498 - access - INFO - account_id 2083 login Success!
2017-08-25 16:59:50,498 - access - INFO - account_id 2083 login Success!
2017-08-25 16:59:51,286 - access - INFO - account_id 2083 option account_info
2017-08-25 16:59:51,286 - access - INFO - account_id 2083 option account_info
2017-08-25 17:00:41,058 - access - INFO - account_id 2083 login Success!
2017-08-25 17:00:42,444 - access - INFO - account_id 2083 option account_info
2017-08-25 17:00:54,164 - access - INFO - account_id 2083 login Success!
2017-08-25 17:00:55,832 - access - INFO - account_id 2083 option account_info
2017-08-25 17:01:29,386 - access - INFO - account_id 2083 login Success!
2017-08-25 17:01:30,122 - access - INFO - account_id 2083 option account_info
2017-08-25 17:01:37,709 - access - INFO - account_id 2083 option account_info
2017-08-25 17:03:51,380 - access - INFO - account_id 2083 login Success!
2017-08-25 17:03:52,085 - access - INFO - account_id 2083 option account_info
2017-08-25 17:09:54,234 - access - INFO - account_id 2083 login Success!
2017-08-25 17:09:54,234 - access - INFO - account_id 2083 login Success!
2017-08-25 17:09:55,189 - access - INFO - account_id 2083 option account_info
2017-08-25 17:09:55,189 - access - INFO - account_id 2083 option account_info
2017-08-25 17:10:25,034 - access - INFO - account_id 2083 login Success!
2017-08-25 17:10:26,687 - access - INFO - account_id 2083 option account_info
2017-08-25 17:10:35,496 - access - INFO - account_id 2083 option account_info
2017-08-25 17:12:02,159 - access - INFO - account_id 2083 login Success!
2017-08-25 17:12:03,656 - access - INFO - account_id 2083 option account_info
2017-08-25 17:47:42,281 - access - INFO - account_id 2083 login Success!
2017-08-25 17:47:43,540 - access - INFO - account_id 2083 option account_info
2017-08-25 22:03:45,931 - access - INFO - account_id 2083 login Success!
2017-08-25 22:05:19,378 - access - INFO - account_id 2083 login Success!
2017-08-25 22:05:21,842 - access - INFO - account_id 2083 option account_info
2017-08-25 22:07:01,411 - access - INFO - account_id 2083 login Success!
2017-08-25 22:07:04,041 - access - INFO - account_id 2083 option Exited!
2017-08-25 22:11:06,558 - access - INFO - account_id 2083 login Success!
2017-08-25 22:11:47,079 - access - INFO - account_id 2083 login Success!
2017-08-25 22:11:50,081 - access - INFO - account_id 2083 option Exited!
2017-08-25 22:13:27,315 - access - INFO - account_id 2083 login Success!
2017-08-25 22:13:28,518 - access - INFO - account_id 2083 option account_info
2017-08-25 22:24:35,222 - access - INFO - account_id 2083 login Success!
2017-08-25 22:25:20,785 - access - INFO - account_id 2083 login Success!
2017-08-25 22:25:21,396 - access - INFO - account_id 2083 option account_info
2017-08-25 22:37:47,597 - access - INFO - account_id 2083 login Success!
2017-08-25 22:37:49,464 - access - INFO - account_id 2083 option Repay
2017-08-25 22:38:32,296 - access - INFO - account_id 2083 login Success!
2017-08-25 22:38:34,239 - access - INFO - account_id 2083 option Repay
2017-08-25 22:50:58,530 - access - INFO - account_id 2083 login Success!
2017-08-25 22:51:07,392 - access - INFO - account_id 2083 option account_info
2017-08-25 22:51:20,050 - access - INFO - account_id 2083 option Repay
2017-08-25 22:55:09,577 - access - INFO - account_id 2083 login Success!
2017-08-25 22:55:10,282 - access - INFO - account_id 2083 option Repay
2017-08-25 22:55:34,083 - access - INFO - account_id 2083 login Success!
2017-08-25 22:55:36,722 - access - INFO - account_id 2083 option Repay
2017-08-26 09:55:43,937 - access - INFO - account_id 2083 login Success!
2017-08-26 09:55:46,830 - access - INFO - account_id 2083 option account_info
2017-08-26 09:56:19,693 - access - INFO - account_id 2083 option Repay
2017-08-26 09:57:14,292 - access - INFO - account_id 2083 login Success!
2017-08-26 09:57:15,195 - access - INFO - account_id 2083 option Repay
2017-08-26 10:15:07,028 - access - INFO - account_id 2083 login Success!
2017-08-26 10:15:09,066 - access - INFO - account_id 2083 option Repay
2017-08-26 10:15:13,273 - access - INFO - account_id 2083 option Repay memory: 100
2017-08-26 10:15:26,089 - access - INFO - account_id 2083 option account_info
2017-08-26 10:16:32,403 - access - INFO - account_id 2083 login Success!
2017-08-26 10:16:33,558 - access - INFO - account_id 2083 option account_info
2017-08-26 10:16:48,883 - access - INFO - account_id 2083 login Success!
2017-08-26 10:16:50,243 - access - INFO - account_id 2083 option account_info
2017-08-26 10:16:53,703 - access - INFO - account_id 2083 option Repay
2017-08-26 10:16:57,645 - access - INFO - account_id 2083 option Repay memory: 1000
2017-08-26 10:17:01,877 - access - INFO - account_id 2083 option account_info
2017-08-26 10:18:34,170 - access - INFO - account_id 2083 login Success!
2017-08-26 10:18:35,507 - access - INFO - account_id 2083 option account_info
2017-08-26 10:18:37,856 - access - INFO - account_id 2083 option Repay
2017-08-26 10:18:48,551 - access - INFO - account_id 2083 option Repay memory: 1000
2017-08-26 10:18:50,764 - access - INFO - account_id 2083 option account_info
2017-08-26 10:21:09,666 - access - INFO - account_id 2083 login Success!
2017-08-26 10:21:10,932 - access - INFO - account_id 2083 option account_info
2017-08-26 10:21:15,092 - access - INFO - account_id 2083 option Repay
2017-08-26 10:21:17,719 - access - INFO - account_id 2083 option Repay memory: 100
2017-08-26 10:21:19,269 - access - INFO - account_id 2083 option account_info
2017-08-26 14:22:31,310 - access - INFO - account_id 2083 login Success!
2017-08-26 14:22:32,947 - access - INFO - account_id 2083 option Repay
2017-08-26 14:22:36,673 - access - INFO - account_id 2083 option Repay memory: 100
2017-08-26 14:31:10,702 - access - INFO - account_id 2083 login Success!
2017-08-26 14:31:13,007 - access - INFO - account_id 2083 option Withdraw
2017-08-26 14:31:17,847 - access - INFO - account_id 2083 option Repay memory: 100
2017-08-26 14:31:33,865 - access - INFO - account_id 2083 option account_info
2017-08-26 14:36:55,073 - access - INFO - account_id 2083 login Success!
2017-08-26 14:36:57,342 - access - INFO - account_id 2083 option account_info
2017-08-26 14:37:01,966 - access - INFO - account_id 2083 option Repay
2017-08-26 14:37:04,148 - access - INFO - account_id 2083 option Repay memory: 100
2017-08-26 14:37:50,261 - access - INFO - account_id 2083 login Success!
2017-08-26 14:37:52,795 - access - INFO - account_id 2083 option Repay
2017-08-26 14:37:55,402 - access - INFO - account_id 2083 option Repay memory: 100
2017-08-26 14:57:18,762 - access - INFO - account_id 123 login Success!
2017-08-26 14:57:22,169 - access - INFO - account_id 123 option Bill
2017-08-26 14:59:19,746 - access - INFO - account_id 123 login Success!
2017-08-26 14:59:22,974 - access - INFO - account_id 123 option Bill
2017-08-26 14:59:50,657 - access - INFO - account_id 2083 login Success!
2017-08-26 14:59:52,797 - access - INFO - account_id 2083 option Bill
2017-08-26 15:00:36,816 - access - INFO - account_id 2083 login Success!
2017-08-26 15:00:38,599 - access - INFO - account_id 2083 option Bill
2017-08-26 16:06:58,018 - access - INFO - account_id 2083 login Success!
2017-08-26 16:07:00,184 - access - INFO - account_id 2083 option Transfer
2017-08-26 16:08:23,970 - access - INFO - account_id 2083 login Success!
2017-08-26 16:08:25,889 - access - INFO - account_id 2083 option Transfer
2017-08-26 16:09:25,534 - access - INFO - account_id 2083 login Success!
2017-08-26 16:09:29,095 - access - INFO - account_id 2083 option Transfer
2017-08-26 16:12:52,848 - access - INFO - account_id 2083 login Success!
2017-08-26 16:12:55,101 - access - INFO - account_id 2083 option Transfer
2017-08-26 17:01:42,295 - access - INFO - account_id 2083 login Success!
2017-08-26 17:01:46,165 - access - INFO - account_id 2083 option Transfer
2017-08-26 17:03:03,960 - access - INFO - account_id 2083 login Success!
2017-08-26 17:03:07,093 - access - INFO - account_id 2083 option account_info
2017-08-26 17:03:20,312 - access - INFO - account_id 2083 option Bill
2017-08-26 17:03:46,901 - access - INFO - account_id 2083 option Transfer
2017-08-26 17:03:57,859 - access - INFO - account_id 2083 option Bill
2017-08-26 17:04:10,549 - access - INFO - account_id 2083 option account_info
2017-08-26 17:04:31,958 - access - INFO - account_id 2083 login Success!
2017-08-26 17:04:34,509 - access - INFO - account_id 2083 option Transfer
2017-08-26 17:04:50,963 - access - INFO - account_id 2083 option Bill
2017-08-26 20:14:17,569 - access - INFO - account_id 2083 login Success!
2017-08-26 20:14:21,465 - access - INFO - account_id 2083 option Transfer
2017-08-26 20:14:28,988 - access - INFO - account_id 2083 option Bill
2017-08-26 20:14:56,157 - access - INFO - account_id 2083 option account_info
2017-08-26 20:54:59,603 - access - INFO - account_id 2083 login Success!
2017-08-26 20:55:01,684 - access - INFO - account_id 2083 option Repay
2017-08-26 20:55:05,034 - access - INFO - account_id 2083 option Repay memory: 100
2017-08-26 20:55:08,496 - access - INFO - account_id 2083 option Withdraw
2017-08-26 20:55:14,756 - access - INFO - account_id 2083 option Repay memory: 300
2017-08-26 20:55:16,838 - access - INFO - account_id 2083 option account_info
2017-08-26 20:55:29,877 - access - INFO - account_id 2083 option Transfer
2017-08-26 20:55:41,661 - access - INFO - account_id 2083 option account_info
2017-08-26 20:56:49,304 - access - INFO - account_id 2083 login Success!
2017-08-26 20:56:55,315 - access - INFO - account_id 2083 option Transfer
2017-08-26 20:57:06,273 - access - INFO - account_id 2083 option account_info
2017-08-26 20:57:17,193 - access - INFO - account_id 123 login Success!
2017-08-26 20:57:17,871 - access - INFO - account_id 123 option account_info
2017-08-26 21:09:13,608 - access - INFO - account_id 2083 login Success!
2017-08-26 21:09:15,941 - access - INFO - account_id 2083 option account_info
2017-08-26 21:09:22,659 - access - INFO - account_id 2083 option Withdraw
2017-08-26 21:09:25,098 - access - INFO - account_id 2083 option Repay memory: 300
2017-08-26 21:09:27,332 - access - INFO - account_id 2083 option account_info
2017-08-26 21:11:23,191 - access - INFO - account_id 2083 login Success!
2017-08-26 21:11:25,234 - access - INFO - account_id 2083 option Repay
2017-08-26 21:11:27,239 - access - INFO - account_id 2083 option Repay memory: 300
2017-08-26 21:11:34,949 - access - INFO - account_id 2083 option Repay
2017-08-26 21:12:36,678 - access - INFO - account_id 2083 login Success!
2017-08-26 21:12:38,377 - access - INFO - account_id 2083 option account_info
2017-08-26 21:12:47,867 - access - INFO - account_id 2083 login Success!
2017-08-26 21:12:49,748 - access - INFO - account_id 2083 option Repay
2017-08-26 21:12:53,562 - access - INFO - account_id 2083 option Repay memory: 300
2017-08-26 21:12:55,726 - access - INFO - account_id 2083 option account_info
2017-08-26 21:13:20,914 - access - INFO - account_id 2083 option Transfer
2017-08-26 21:13:28,596 - access - INFO - account_id 2083 option Exited!
2017-08-26 21:23:18,186 - access - INFO - account_id 2083 login Success!
2017-08-27 10:53:44,161 - access - INFO - account_id 2083 login Success!
2017-08-27 11:47:54,294 - access - INFO - account_id 456 login Success!
2017-08-27 11:47:55,251 - access - INFO - account_id 456 option account_info
2017-08-27 11:48:03,011 - access - INFO - account_id 456 option Repay
2017-08-27 11:48:09,848 - access - INFO - account_id 456 option Repay memory: 15000
2017-08-27 11:48:12,800 - access - INFO - account_id 456 option account_info
2017-08-27 11:48:21,742 - access - INFO - account_id 456 option Withdraw
2017-08-27 11:48:24,709 - access - INFO - account_id 456 option Repay memory: 200
2017-08-27 11:48:26,754 - access - INFO - account_id 456 option account_info
2017-08-27 11:48:38,716 - access - INFO - account_id 456 option Withdraw
2017-08-27 11:48:45,402 - access - INFO - account_id 456 option Repay memory: 300
2017-08-27 11:48:52,328 - access - INFO - account_id 456 option account_info
2017-08-27 16:56:32,698 - access - INFO - account_id 2083 login Success!
2017-08-27 16:56:40,178 - access - INFO - account_id 2083 option account_info
2017-08-27 16:56:47,237 - access - INFO - account_id 2083 option Repay
2017-08-27 16:56:50,521 - access - INFO - account_id 2083 option Repay memory: 300
2017-08-27 16:56:52,800 - access - INFO - account_id 2083 option account_info
2017-08-27 16:56:59,378 - access - INFO - account_id 2083 option Withdraw
2017-08-27 16:57:02,014 - access - INFO - account_id 2083 option Repay memory: 100
2017-08-27 16:57:03,975 - access - INFO - account_id 2083 option account_info
