2017-08-27 10:55:46,046 - admin - INFO - account_id 4523 login Success!
2017-08-27 11:03:07,546 - admin - INFO - account_id 4523 login Success!
2017-08-27 11:03:13,820 - admin - INFO - account_id 4523 option Exited!
2017-08-27 11:45:35,465 - admin - INFO - account_id 4523 login Success!
2017-08-27 11:46:13,400 - admin - INFO - account_id 4523 login Success!
2017-08-27 11:46:14,828 - admin - INFO - account_id 4523 option new card!
2017-08-27 11:46:45,720 - admin - INFO - account_id 4523 login Success!
2017-08-27 11:46:46,523 - admin - INFO - account_id 4523 option new card!
2017-08-27 11:47:09,312 - admin - INFO - account_id 4523 login Success!
2017-08-27 11:47:10,797 - admin - INFO - account_id 4523 option new card!
2017-08-27 12:39:18,839 - admin - INFO - account_id 4523 login Success!
2017-08-27 12:39:28,857 - admin - INFO - account_id 4523 login Success!
2017-08-27 12:39:30,059 - admin - INFO - account_id 4523 option Modify_quota!
2017-08-27 12:42:30,264 - admin - INFO - account_id 4523 login Success!
2017-08-27 12:42:49,418 - admin - INFO - account_id 4523 login Success!
2017-08-27 12:42:51,052 - admin - INFO - account_id 4523 option Frozen!
2017-08-27 12:45:18,450 - admin - INFO - account_id 4523 login Success!
2017-08-27 12:45:26,213 - admin - INFO - account_id 4523 option new card!
2017-08-27 12:46:35,507 - admin - INFO - account_id 4523 login Success!
2017-08-27 12:46:36,392 - admin - INFO - account_id 4523 option new card!
